  [1m[35m (1.5ms)[0m  [1m[35mCREATE DATABASE "support_base" ENCODING = 'unicode'[0m
  ↳ /usr/local/bin/rake:23
  [1m[35m (0.6ms)[0m  [1m[35mCREATE DATABASE "support_base" ENCODING = 'unicode'[0m
  ↳ /usr/local/bin/rake:23
Started GET "/" for 127.0.0.1 at 2018-09-22 13:30:49 +0300
Processing by Rails::WelcomeController#index as HTML
  Rendering /usr/local/lib/ruby/gems/2.5.0/gems/railties-5.2.1/lib/rails/templates/rails/welcome/index.html.erb
  Rendered /usr/local/lib/ruby/gems/2.5.0/gems/railties-5.2.1/lib/rails/templates/rails/welcome/index.html.erb (3.2ms)
Completed 200 OK in 14ms (Views: 10.7ms | ActiveRecord: 0.0ms)


Started GET "/" for 127.0.0.1 at 2018-09-22 22:52:42 +0300
  
ActionController::RoutingError (uninitialized constant HomeController):
  
bootsnap (1.3.2) lib/bootsnap/load_path_cache/core_ext/active_support.rb:74:in `block in load_missing_constant'
bootsnap (1.3.2) lib/bootsnap/load_path_cache/core_ext/active_support.rb:8:in `without_bootsnap_cache'
bootsnap (1.3.2) lib/bootsnap/load_path_cache/core_ext/active_support.rb:74:in `rescue in load_missing_constant'
bootsnap (1.3.2) lib/bootsnap/load_path_cache/core_ext/active_support.rb:56:in `load_missing_constant'
activesupport (5.2.1) lib/active_support/inflector/methods.rb:283:in `const_get'
activesupport (5.2.1) lib/active_support/inflector/methods.rb:283:in `block in constantize'
activesupport (5.2.1) lib/active_support/inflector/methods.rb:281:in `each'
activesupport (5.2.1) lib/active_support/inflector/methods.rb:281:in `inject'
activesupport (5.2.1) lib/active_support/inflector/methods.rb:281:in `constantize'
actionpack (5.2.1) lib/action_dispatch/http/request.rb:88:in `controller_class_for'
actionpack (5.2.1) lib/action_dispatch/http/request.rb:81:in `controller_class'
actionpack (5.2.1) lib/action_dispatch/routing/route_set.rb:46:in `controller'
actionpack (5.2.1) lib/action_dispatch/routing/route_set.rb:32:in `serve'
actionpack (5.2.1) lib/action_dispatch/journey/router.rb:52:in `block in serve'
actionpack (5.2.1) lib/action_dispatch/journey/router.rb:35:in `each'
actionpack (5.2.1) lib/action_dispatch/journey/router.rb:35:in `serve'
actionpack (5.2.1) lib/action_dispatch/routing/route_set.rb:840:in `call'
rack (2.0.5) lib/rack/tempfile_reaper.rb:15:in `call'
rack (2.0.5) lib/rack/etag.rb:25:in `call'
rack (2.0.5) lib/rack/conditional_get.rb:25:in `call'
rack (2.0.5) lib/rack/head.rb:12:in `call'
actionpack (5.2.1) lib/action_dispatch/http/content_security_policy.rb:18:in `call'
rack (2.0.5) lib/rack/session/abstract/id.rb:232:in `context'
rack (2.0.5) lib/rack/session/abstract/id.rb:226:in `call'
actionpack (5.2.1) lib/action_dispatch/middleware/cookies.rb:670:in `call'
activerecord (5.2.1) lib/active_record/migration.rb:559:in `call'
actionpack (5.2.1) lib/action_dispatch/middleware/callbacks.rb:28:in `block in call'
activesupport (5.2.1) lib/active_support/callbacks.rb:98:in `run_callbacks'
actionpack (5.2.1) lib/action_dispatch/middleware/callbacks.rb:26:in `call'
actionpack (5.2.1) lib/action_dispatch/middleware/executor.rb:14:in `call'
actionpack (5.2.1) lib/action_dispatch/middleware/debug_exceptions.rb:61:in `call'
web-console (3.7.0) lib/web_console/middleware.rb:135:in `call_app'
web-console (3.7.0) lib/web_console/middleware.rb:30:in `block in call'
web-console (3.7.0) lib/web_console/middleware.rb:20:in `catch'
web-console (3.7.0) lib/web_console/middleware.rb:20:in `call'
actionpack (5.2.1) lib/action_dispatch/middleware/show_exceptions.rb:33:in `call'
railties (5.2.1) lib/rails/rack/logger.rb:38:in `call_app'
railties (5.2.1) lib/rails/rack/logger.rb:26:in `block in call'
activesupport (5.2.1) lib/active_support/tagged_logging.rb:71:in `block in tagged'
activesupport (5.2.1) lib/active_support/tagged_logging.rb:28:in `tagged'
activesupport (5.2.1) lib/active_support/tagged_logging.rb:71:in `tagged'
railties (5.2.1) lib/rails/rack/logger.rb:26:in `call'
sprockets-rails (3.2.1) lib/sprockets/rails/quiet_assets.rb:13:in `call'
actionpack (5.2.1) lib/action_dispatch/middleware/remote_ip.rb:81:in `call'
actionpack (5.2.1) lib/action_dispatch/middleware/request_id.rb:27:in `call'
rack (2.0.5) lib/rack/method_override.rb:22:in `call'
rack (2.0.5) lib/rack/runtime.rb:22:in `call'
activesupport (5.2.1) lib/active_support/cache/strategy/local_cache_middleware.rb:29:in `call'
actionpack (5.2.1) lib/action_dispatch/middleware/executor.rb:14:in `call'
actionpack (5.2.1) lib/action_dispatch/middleware/static.rb:127:in `call'
rack (2.0.5) lib/rack/sendfile.rb:111:in `call'
railties (5.2.1) lib/rails/engine.rb:524:in `call'
puma (3.12.0) lib/puma/configuration.rb:225:in `call'
puma (3.12.0) lib/puma/server.rb:658:in `handle_request'
puma (3.12.0) lib/puma/server.rb:472:in `process_client'
puma (3.12.0) lib/puma/server.rb:332:in `block in run'
puma (3.12.0) lib/puma/thread_pool.rb:133:in `block in spawn_thread'
Started GET "/" for 127.0.0.1 at 2018-09-22 22:53:22 +0300
Processing by Rails::WelcomeController#index as HTML
  Rendering /usr/local/lib/ruby/gems/2.5.0/gems/railties-5.2.1/lib/rails/templates/rails/welcome/index.html.erb
  Rendered /usr/local/lib/ruby/gems/2.5.0/gems/railties-5.2.1/lib/rails/templates/rails/welcome/index.html.erb (2.4ms)
Completed 200 OK in 10ms (Views: 5.9ms | ActiveRecord: 0.0ms)


Started GET "/" for 127.0.0.1 at 2018-09-22 22:54:32 +0300
Processing by Rails::WelcomeController#index as HTML
  Rendering /usr/local/lib/ruby/gems/2.5.0/gems/railties-5.2.1/lib/rails/templates/rails/welcome/index.html.erb
  Rendered /usr/local/lib/ruby/gems/2.5.0/gems/railties-5.2.1/lib/rails/templates/rails/welcome/index.html.erb (2.3ms)
Completed 200 OK in 8ms (Views: 5.5ms | ActiveRecord: 0.0ms)


Started GET "/" for 127.0.0.1 at 2018-09-22 22:54:36 +0300
Processing by Rails::WelcomeController#index as HTML
  Rendering /usr/local/lib/ruby/gems/2.5.0/gems/railties-5.2.1/lib/rails/templates/rails/welcome/index.html.erb
  Rendered /usr/local/lib/ruby/gems/2.5.0/gems/railties-5.2.1/lib/rails/templates/rails/welcome/index.html.erb (2.2ms)
Completed 200 OK in 7ms (Views: 4.7ms | ActiveRecord: 0.0ms)


Started GET "/home" for 127.0.0.1 at 2018-09-22 22:54:37 +0300
  
ActionController::RoutingError (No route matches [GET] "/home"):
  
actionpack (5.2.1) lib/action_dispatch/middleware/debug_exceptions.rb:65:in `call'
web-console (3.7.0) lib/web_console/middleware.rb:135:in `call_app'
web-console (3.7.0) lib/web_console/middleware.rb:30:in `block in call'
web-console (3.7.0) lib/web_console/middleware.rb:20:in `catch'
web-console (3.7.0) lib/web_console/middleware.rb:20:in `call'
actionpack (5.2.1) lib/action_dispatch/middleware/show_exceptions.rb:33:in `call'
railties (5.2.1) lib/rails/rack/logger.rb:38:in `call_app'
railties (5.2.1) lib/rails/rack/logger.rb:26:in `block in call'
activesupport (5.2.1) lib/active_support/tagged_logging.rb:71:in `block in tagged'
activesupport (5.2.1) lib/active_support/tagged_logging.rb:28:in `tagged'
activesupport (5.2.1) lib/active_support/tagged_logging.rb:71:in `tagged'
railties (5.2.1) lib/rails/rack/logger.rb:26:in `call'
sprockets-rails (3.2.1) lib/sprockets/rails/quiet_assets.rb:13:in `call'
actionpack (5.2.1) lib/action_dispatch/middleware/remote_ip.rb:81:in `call'
actionpack (5.2.1) lib/action_dispatch/middleware/request_id.rb:27:in `call'
rack (2.0.5) lib/rack/method_override.rb:22:in `call'
rack (2.0.5) lib/rack/runtime.rb:22:in `call'
activesupport (5.2.1) lib/active_support/cache/strategy/local_cache_middleware.rb:29:in `call'
actionpack (5.2.1) lib/action_dispatch/middleware/executor.rb:14:in `call'
actionpack (5.2.1) lib/action_dispatch/middleware/static.rb:127:in `call'
rack (2.0.5) lib/rack/sendfile.rb:111:in `call'
railties (5.2.1) lib/rails/engine.rb:524:in `call'
puma (3.12.0) lib/puma/configuration.rb:225:in `call'
puma (3.12.0) lib/puma/server.rb:658:in `handle_request'
puma (3.12.0) lib/puma/server.rb:472:in `process_client'
puma (3.12.0) lib/puma/server.rb:332:in `block in run'
puma (3.12.0) lib/puma/thread_pool.rb:133:in `block in spawn_thread'
Started GET "/home" for 127.0.0.1 at 2018-09-22 22:55:13 +0300
  
ActionController::RoutingError (No route matches [GET] "/home"):
  
actionpack (5.2.1) lib/action_dispatch/middleware/debug_exceptions.rb:65:in `call'
web-console (3.7.0) lib/web_console/middleware.rb:135:in `call_app'
web-console (3.7.0) lib/web_console/middleware.rb:30:in `block in call'
web-console (3.7.0) lib/web_console/middleware.rb:20:in `catch'
web-console (3.7.0) lib/web_console/middleware.rb:20:in `call'
actionpack (5.2.1) lib/action_dispatch/middleware/show_exceptions.rb:33:in `call'
railties (5.2.1) lib/rails/rack/logger.rb:38:in `call_app'
railties (5.2.1) lib/rails/rack/logger.rb:26:in `block in call'
activesupport (5.2.1) lib/active_support/tagged_logging.rb:71:in `block in tagged'
activesupport (5.2.1) lib/active_support/tagged_logging.rb:28:in `tagged'
activesupport (5.2.1) lib/active_support/tagged_logging.rb:71:in `tagged'
railties (5.2.1) lib/rails/rack/logger.rb:26:in `call'
sprockets-rails (3.2.1) lib/sprockets/rails/quiet_assets.rb:13:in `call'
actionpack (5.2.1) lib/action_dispatch/middleware/remote_ip.rb:81:in `call'
actionpack (5.2.1) lib/action_dispatch/middleware/request_id.rb:27:in `call'
rack (2.0.5) lib/rack/method_override.rb:22:in `call'
rack (2.0.5) lib/rack/runtime.rb:22:in `call'
activesupport (5.2.1) lib/active_support/cache/strategy/local_cache_middleware.rb:29:in `call'
actionpack (5.2.1) lib/action_dispatch/middleware/executor.rb:14:in `call'
actionpack (5.2.1) lib/action_dispatch/middleware/static.rb:127:in `call'
rack (2.0.5) lib/rack/sendfile.rb:111:in `call'
railties (5.2.1) lib/rails/engine.rb:524:in `call'
puma (3.12.0) lib/puma/configuration.rb:225:in `call'
puma (3.12.0) lib/puma/server.rb:658:in `handle_request'
puma (3.12.0) lib/puma/server.rb:472:in `process_client'
puma (3.12.0) lib/puma/server.rb:332:in `block in run'
puma (3.12.0) lib/puma/thread_pool.rb:133:in `block in spawn_thread'
Started GET "/home/index" for 127.0.0.1 at 2018-09-22 22:55:18 +0300
  
ActionController::RoutingError (uninitialized constant HomeController):
  
bootsnap (1.3.2) lib/bootsnap/load_path_cache/core_ext/active_support.rb:74:in `block in load_missing_constant'
bootsnap (1.3.2) lib/bootsnap/load_path_cache/core_ext/active_support.rb:8:in `without_bootsnap_cache'
bootsnap (1.3.2) lib/bootsnap/load_path_cache/core_ext/active_support.rb:74:in `rescue in load_missing_constant'
bootsnap (1.3.2) lib/bootsnap/load_path_cache/core_ext/active_support.rb:56:in `load_missing_constant'
activesupport (5.2.1) lib/active_support/inflector/methods.rb:283:in `const_get'
activesupport (5.2.1) lib/active_support/inflector/methods.rb:283:in `block in constantize'
activesupport (5.2.1) lib/active_support/inflector/methods.rb:281:in `each'
activesupport (5.2.1) lib/active_support/inflector/methods.rb:281:in `inject'
activesupport (5.2.1) lib/active_support/inflector/methods.rb:281:in `constantize'
actionpack (5.2.1) lib/action_dispatch/http/request.rb:88:in `controller_class_for'
actionpack (5.2.1) lib/action_dispatch/http/request.rb:81:in `controller_class'
actionpack (5.2.1) lib/action_dispatch/routing/route_set.rb:46:in `controller'
actionpack (5.2.1) lib/action_dispatch/routing/route_set.rb:32:in `serve'
actionpack (5.2.1) lib/action_dispatch/journey/router.rb:52:in `block in serve'
actionpack (5.2.1) lib/action_dispatch/journey/router.rb:35:in `each'
actionpack (5.2.1) lib/action_dispatch/journey/router.rb:35:in `serve'
actionpack (5.2.1) lib/action_dispatch/routing/route_set.rb:840:in `call'
rack (2.0.5) lib/rack/tempfile_reaper.rb:15:in `call'
rack (2.0.5) lib/rack/etag.rb:25:in `call'
rack (2.0.5) lib/rack/conditional_get.rb:25:in `call'
rack (2.0.5) lib/rack/head.rb:12:in `call'
actionpack (5.2.1) lib/action_dispatch/http/content_security_policy.rb:18:in `call'
rack (2.0.5) lib/rack/session/abstract/id.rb:232:in `context'
rack (2.0.5) lib/rack/session/abstract/id.rb:226:in `call'
actionpack (5.2.1) lib/action_dispatch/middleware/cookies.rb:670:in `call'
activerecord (5.2.1) lib/active_record/migration.rb:559:in `call'
actionpack (5.2.1) lib/action_dispatch/middleware/callbacks.rb:28:in `block in call'
activesupport (5.2.1) lib/active_support/callbacks.rb:98:in `run_callbacks'
actionpack (5.2.1) lib/action_dispatch/middleware/callbacks.rb:26:in `call'
actionpack (5.2.1) lib/action_dispatch/middleware/executor.rb:14:in `call'
actionpack (5.2.1) lib/action_dispatch/middleware/debug_exceptions.rb:61:in `call'
web-console (3.7.0) lib/web_console/middleware.rb:135:in `call_app'
web-console (3.7.0) lib/web_console/middleware.rb:30:in `block in call'
web-console (3.7.0) lib/web_console/middleware.rb:20:in `catch'
web-console (3.7.0) lib/web_console/middleware.rb:20:in `call'
actionpack (5.2.1) lib/action_dispatch/middleware/show_exceptions.rb:33:in `call'
railties (5.2.1) lib/rails/rack/logger.rb:38:in `call_app'
railties (5.2.1) lib/rails/rack/logger.rb:26:in `block in call'
activesupport (5.2.1) lib/active_support/tagged_logging.rb:71:in `block in tagged'
activesupport (5.2.1) lib/active_support/tagged_logging.rb:28:in `tagged'
activesupport (5.2.1) lib/active_support/tagged_logging.rb:71:in `tagged'
railties (5.2.1) lib/rails/rack/logger.rb:26:in `call'
sprockets-rails (3.2.1) lib/sprockets/rails/quiet_assets.rb:13:in `call'
actionpack (5.2.1) lib/action_dispatch/middleware/remote_ip.rb:81:in `call'
actionpack (5.2.1) lib/action_dispatch/middleware/request_id.rb:27:in `call'
rack (2.0.5) lib/rack/method_override.rb:22:in `call'
rack (2.0.5) lib/rack/runtime.rb:22:in `call'
activesupport (5.2.1) lib/active_support/cache/strategy/local_cache_middleware.rb:29:in `call'
actionpack (5.2.1) lib/action_dispatch/middleware/executor.rb:14:in `call'
actionpack (5.2.1) lib/action_dispatch/middleware/static.rb:127:in `call'
rack (2.0.5) lib/rack/sendfile.rb:111:in `call'
railties (5.2.1) lib/rails/engine.rb:524:in `call'
puma (3.12.0) lib/puma/configuration.rb:225:in `call'
puma (3.12.0) lib/puma/server.rb:658:in `handle_request'
puma (3.12.0) lib/puma/server.rb:472:in `process_client'
puma (3.12.0) lib/puma/server.rb:332:in `block in run'
puma (3.12.0) lib/puma/thread_pool.rb:133:in `block in spawn_thread'
Started GET "/" for 127.0.0.1 at 2018-09-23 12:47:53 +0300
Processing by Rails::WelcomeController#index as HTML
  Rendering /usr/local/lib/ruby/gems/2.5.0/gems/railties-5.2.1/lib/rails/templates/rails/welcome/index.html.erb
  Rendered /usr/local/lib/ruby/gems/2.5.0/gems/railties-5.2.1/lib/rails/templates/rails/welcome/index.html.erb (2.7ms)
Completed 200 OK in 12ms (Views: 7.2ms | ActiveRecord: 0.0ms)


Started GET "/" for 127.0.0.1 at 2018-09-23 12:48:00 +0300
Processing by Rails::WelcomeController#index as HTML
  Rendering /usr/local/lib/ruby/gems/2.5.0/gems/railties-5.2.1/lib/rails/templates/rails/welcome/index.html.erb
  Rendered /usr/local/lib/ruby/gems/2.5.0/gems/railties-5.2.1/lib/rails/templates/rails/welcome/index.html.erb (2.1ms)
Completed 200 OK in 7ms (Views: 4.5ms | ActiveRecord: 0.0ms)


Started GET "/home" for 127.0.0.1 at 2018-09-23 12:48:01 +0300
  
ActionController::RoutingError (No route matches [GET] "/home"):
  
actionpack (5.2.1) lib/action_dispatch/middleware/debug_exceptions.rb:65:in `call'
web-console (3.7.0) lib/web_console/middleware.rb:135:in `call_app'
web-console (3.7.0) lib/web_console/middleware.rb:30:in `block in call'
web-console (3.7.0) lib/web_console/middleware.rb:20:in `catch'
web-console (3.7.0) lib/web_console/middleware.rb:20:in `call'
actionpack (5.2.1) lib/action_dispatch/middleware/show_exceptions.rb:33:in `call'
railties (5.2.1) lib/rails/rack/logger.rb:38:in `call_app'
railties (5.2.1) lib/rails/rack/logger.rb:26:in `block in call'
activesupport (5.2.1) lib/active_support/tagged_logging.rb:71:in `block in tagged'
activesupport (5.2.1) lib/active_support/tagged_logging.rb:28:in `tagged'
activesupport (5.2.1) lib/active_support/tagged_logging.rb:71:in `tagged'
railties (5.2.1) lib/rails/rack/logger.rb:26:in `call'
sprockets-rails (3.2.1) lib/sprockets/rails/quiet_assets.rb:13:in `call'
actionpack (5.2.1) lib/action_dispatch/middleware/remote_ip.rb:81:in `call'
actionpack (5.2.1) lib/action_dispatch/middleware/request_id.rb:27:in `call'
rack (2.0.5) lib/rack/method_override.rb:22:in `call'
rack (2.0.5) lib/rack/runtime.rb:22:in `call'
activesupport (5.2.1) lib/active_support/cache/strategy/local_cache_middleware.rb:29:in `call'
actionpack (5.2.1) lib/action_dispatch/middleware/executor.rb:14:in `call'
actionpack (5.2.1) lib/action_dispatch/middleware/static.rb:127:in `call'
rack (2.0.5) lib/rack/sendfile.rb:111:in `call'
railties (5.2.1) lib/rails/engine.rb:524:in `call'
puma (3.12.0) lib/puma/configuration.rb:225:in `call'
puma (3.12.0) lib/puma/server.rb:658:in `handle_request'
puma (3.12.0) lib/puma/server.rb:472:in `process_client'
puma (3.12.0) lib/puma/server.rb:332:in `block in run'
puma (3.12.0) lib/puma/thread_pool.rb:133:in `block in spawn_thread'
Started GET "/home" for 127.0.0.1 at 2018-09-23 12:48:01 +0300
  
ActionController::RoutingError (No route matches [GET] "/home"):
  
actionpack (5.2.1) lib/action_dispatch/middleware/debug_exceptions.rb:65:in `call'
web-console (3.7.0) lib/web_console/middleware.rb:135:in `call_app'
web-console (3.7.0) lib/web_console/middleware.rb:30:in `block in call'
web-console (3.7.0) lib/web_console/middleware.rb:20:in `catch'
web-console (3.7.0) lib/web_console/middleware.rb:20:in `call'
actionpack (5.2.1) lib/action_dispatch/middleware/show_exceptions.rb:33:in `call'
railties (5.2.1) lib/rails/rack/logger.rb:38:in `call_app'
railties (5.2.1) lib/rails/rack/logger.rb:26:in `block in call'
activesupport (5.2.1) lib/active_support/tagged_logging.rb:71:in `block in tagged'
activesupport (5.2.1) lib/active_support/tagged_logging.rb:28:in `tagged'
activesupport (5.2.1) lib/active_support/tagged_logging.rb:71:in `tagged'
railties (5.2.1) lib/rails/rack/logger.rb:26:in `call'
sprockets-rails (3.2.1) lib/sprockets/rails/quiet_assets.rb:13:in `call'
actionpack (5.2.1) lib/action_dispatch/middleware/remote_ip.rb:81:in `call'
actionpack (5.2.1) lib/action_dispatch/middleware/request_id.rb:27:in `call'
rack (2.0.5) lib/rack/method_override.rb:22:in `call'
rack (2.0.5) lib/rack/runtime.rb:22:in `call'
activesupport (5.2.1) lib/active_support/cache/strategy/local_cache_middleware.rb:29:in `call'
actionpack (5.2.1) lib/action_dispatch/middleware/executor.rb:14:in `call'
actionpack (5.2.1) lib/action_dispatch/middleware/static.rb:127:in `call'
rack (2.0.5) lib/rack/sendfile.rb:111:in `call'
railties (5.2.1) lib/rails/engine.rb:524:in `call'
puma (3.12.0) lib/puma/configuration.rb:225:in `call'
puma (3.12.0) lib/puma/server.rb:658:in `handle_request'
puma (3.12.0) lib/puma/server.rb:472:in `process_client'
puma (3.12.0) lib/puma/server.rb:332:in `block in run'
puma (3.12.0) lib/puma/thread_pool.rb:133:in `block in spawn_thread'
Started GET "/home/index" for 127.0.0.1 at 2018-09-23 12:48:29 +0300
Processing by HomeController#index as HTML
  Rendering home/index.html.slim within layouts/application
  Rendered home/index.html.slim within layouts/application (9.2ms)
Completed 200 OK in 408ms (Views: 406.4ms | ActiveRecord: 0.0ms)


Started GET "/home/index" for 127.0.0.1 at 2018-09-23 12:48:31 +0300
Processing by HomeController#index as HTML
  Rendering home/index.html.slim within layouts/application
  Rendered home/index.html.slim within layouts/application (2.1ms)
Completed 200 OK in 22ms (Views: 19.7ms | ActiveRecord: 0.0ms)


Started GET "/home/index" for 127.0.0.1 at 2018-09-23 12:50:47 +0300
Processing by HomeController#index as HTML
  Rendering home/index.html.slim within layouts/application
  Rendered home/index.html.slim within layouts/application (10.7ms)
Completed 200 OK in 303ms (Views: 300.5ms | ActiveRecord: 0.0ms)


Started GET "/" for 127.0.0.1 at 2018-09-23 12:50:51 +0300
Processing by HomeController#index as HTML
  Rendering home/index.html.slim within layouts/application
  Rendered home/index.html.slim within layouts/application (27.3ms)
Completed 200 OK in 62ms (Views: 56.7ms | ActiveRecord: 0.0ms)


Started GET "/" for 127.0.0.1 at 2018-09-23 12:51:27 +0300
Processing by HomeController#index as HTML
  Rendering home/index.html.slim within layouts/application
  Rendered home/index.html.slim within layouts/application (9.5ms)
Completed 200 OK in 273ms (Views: 271.3ms | ActiveRecord: 0.0ms)


Started GET "/rrr/" for 127.0.0.1 at 2018-09-23 12:51:32 +0300
  
ActionController::RoutingError (No route matches [GET] "/rrr"):
  
actionpack (5.2.1) lib/action_dispatch/middleware/debug_exceptions.rb:65:in `call'
web-console (3.7.0) lib/web_console/middleware.rb:135:in `call_app'
web-console (3.7.0) lib/web_console/middleware.rb:30:in `block in call'
web-console (3.7.0) lib/web_console/middleware.rb:20:in `catch'
web-console (3.7.0) lib/web_console/middleware.rb:20:in `call'
actionpack (5.2.1) lib/action_dispatch/middleware/show_exceptions.rb:33:in `call'
railties (5.2.1) lib/rails/rack/logger.rb:38:in `call_app'
railties (5.2.1) lib/rails/rack/logger.rb:26:in `block in call'
activesupport (5.2.1) lib/active_support/tagged_logging.rb:71:in `block in tagged'
activesupport (5.2.1) lib/active_support/tagged_logging.rb:28:in `tagged'
activesupport (5.2.1) lib/active_support/tagged_logging.rb:71:in `tagged'
railties (5.2.1) lib/rails/rack/logger.rb:26:in `call'
sprockets-rails (3.2.1) lib/sprockets/rails/quiet_assets.rb:13:in `call'
actionpack (5.2.1) lib/action_dispatch/middleware/remote_ip.rb:81:in `call'
actionpack (5.2.1) lib/action_dispatch/middleware/request_id.rb:27:in `call'
rack (2.0.5) lib/rack/method_override.rb:22:in `call'
rack (2.0.5) lib/rack/runtime.rb:22:in `call'
activesupport (5.2.1) lib/active_support/cache/strategy/local_cache_middleware.rb:29:in `call'
actionpack (5.2.1) lib/action_dispatch/middleware/executor.rb:14:in `call'
actionpack (5.2.1) lib/action_dispatch/middleware/static.rb:127:in `call'
rack (2.0.5) lib/rack/sendfile.rb:111:in `call'
railties (5.2.1) lib/rails/engine.rb:524:in `call'
puma (3.12.0) lib/puma/configuration.rb:225:in `call'
puma (3.12.0) lib/puma/server.rb:658:in `handle_request'
puma (3.12.0) lib/puma/server.rb:472:in `process_client'
puma (3.12.0) lib/puma/server.rb:332:in `block in run'
puma (3.12.0) lib/puma/thread_pool.rb:133:in `block in spawn_thread'
Started GET "/rrr/" for 127.0.0.1 at 2018-09-23 13:05:08 +0300
  
ActionController::RoutingError (No route matches [GET] "/rrr"):
  
actionpack (5.2.1) lib/action_dispatch/middleware/debug_exceptions.rb:65:in `call'
web-console (3.7.0) lib/web_console/middleware.rb:135:in `call_app'
web-console (3.7.0) lib/web_console/middleware.rb:30:in `block in call'
web-console (3.7.0) lib/web_console/middleware.rb:20:in `catch'
web-console (3.7.0) lib/web_console/middleware.rb:20:in `call'
actionpack (5.2.1) lib/action_dispatch/middleware/show_exceptions.rb:33:in `call'
railties (5.2.1) lib/rails/rack/logger.rb:38:in `call_app'
railties (5.2.1) lib/rails/rack/logger.rb:26:in `block in call'
activesupport (5.2.1) lib/active_support/tagged_logging.rb:71:in `block in tagged'
activesupport (5.2.1) lib/active_support/tagged_logging.rb:28:in `tagged'
activesupport (5.2.1) lib/active_support/tagged_logging.rb:71:in `tagged'
railties (5.2.1) lib/rails/rack/logger.rb:26:in `call'
sprockets-rails (3.2.1) lib/sprockets/rails/quiet_assets.rb:13:in `call'
actionpack (5.2.1) lib/action_dispatch/middleware/remote_ip.rb:81:in `call'
actionpack (5.2.1) lib/action_dispatch/middleware/request_id.rb:27:in `call'
rack (2.0.5) lib/rack/method_override.rb:22:in `call'
rack (2.0.5) lib/rack/runtime.rb:22:in `call'
activesupport (5.2.1) lib/active_support/cache/strategy/local_cache_middleware.rb:29:in `call'
actionpack (5.2.1) lib/action_dispatch/middleware/executor.rb:14:in `call'
actionpack (5.2.1) lib/action_dispatch/middleware/static.rb:127:in `call'
rack (2.0.5) lib/rack/sendfile.rb:111:in `call'
railties (5.2.1) lib/rails/engine.rb:524:in `call'
puma (3.12.0) lib/puma/configuration.rb:225:in `call'
puma (3.12.0) lib/puma/server.rb:658:in `handle_request'
puma (3.12.0) lib/puma/server.rb:472:in `process_client'
puma (3.12.0) lib/puma/server.rb:332:in `block in run'
puma (3.12.0) lib/puma/thread_pool.rb:133:in `block in spawn_thread'
Started GET "/" for 127.0.0.1 at 2018-09-23 13:05:12 +0300
Processing by HomeController#index as HTML
  Rendering home/index.html.slim within layouts/application
  Rendered home/index.html.slim within layouts/application (14.7ms)
Completed 500 Internal Server Error in 332ms (ActiveRecord: 0.0ms)


  
ActionView::Template::Error (Missing partial home/_footer, application/_footer with {:locale=>[:en], :formats=>[:html], :variants=>[], :handlers=>[:raw, :erb, :html, :builder, :ruby, :slim, :jbuilder]}. Searched in:
  * "/Users/boris/Documents/GitHub/Ruby_on_Rails/unit_2/app/views"
):
    10:   body
    11:     = yield
    12:   div id="footer"
    13:         == render 'footer'
    14:         | Copyright &copy; #{@year} #{@author}
  
app/views/layouts/application.html.slim:13:in `_app_views_layouts_application_html_slim__1641446178938931664_70109404591740'
Started GET "/" for 127.0.0.1 at 2018-09-23 13:11:51 +0300
Processing by HomeController#index as HTML
  Rendering home/index.html.slim within layouts/application
  Rendered home/index.html.slim within layouts/application (11.0ms)
Completed 200 OK in 322ms (Views: 319.6ms | ActiveRecord: 0.0ms)


Started GET "/" for 127.0.0.1 at 2018-09-23 13:12:11 +0300
Processing by HomeController#index as HTML
  Rendering home/index.html.slim within layouts/application
  Rendered home/index.html.slim within layouts/application (9.8ms)
Completed 500 Internal Server Error in 292ms (ActiveRecord: 0.0ms)


  
ActionView::Template::Error (Missing partial home/_footer, application/_footer with {:locale=>[:en], :formats=>[:html], :variants=>[], :handlers=>[:raw, :erb, :html, :builder, :ruby, :slim, :jbuilder]}. Searched in:
  * "/Users/boris/Documents/GitHub/Ruby_on_Rails/unit_2/app/views"
):
    10:   body
    11:     = yield
    12:   div id="footer"
    13:     == render 'footer'
    14:     | Copyright &copy; #{@year} #{@author}
  
app/views/layouts/application.html.slim:13:in `_app_views_layouts_application_html_slim__3699708141515175211_70233804365840'
Started GET "/" for 127.0.0.1 at 2018-09-23 13:14:28 +0300
Processing by HomeController#index as HTML
  Rendering home/index.html.slim within layouts/application
  Rendered home/index.html.slim within layouts/application (17.9ms)
Completed 500 Internal Server Error in 27ms (ActiveRecord: 0.0ms)


  
ActionView::Template::Error (Missing partial home/_footer, application/_footer with {:locale=>[:en], :formats=>[:html], :variants=>[], :handlers=>[:raw, :erb, :html, :builder, :ruby, :slim, :jbuilder]}. Searched in:
  * "/Users/boris/Documents/GitHub/Ruby_on_Rails/unit_2/app/views"
):
    3: 
    4: 
    5: div id="footer"
    6:       == render 'footer'
    7:       | Copyright &copy; #{@year} #{@author}
  
app/views/home/index.html.slim:6:in `_app_views_home_index_html_slim__3153675599020090398_70222071678000'
Started GET "/" for 127.0.0.1 at 2018-09-23 13:14:33 +0300
Processing by HomeController#index as HTML
  Rendering home/index.html.slim within layouts/application
  Rendered home/index.html.slim within layouts/application (8.2ms)
Completed 500 Internal Server Error in 14ms (ActiveRecord: 0.0ms)


  
ActionView::Template::Error (Missing partial home/_footer, application/_footer with {:locale=>[:en], :formats=>[:html], :variants=>[], :handlers=>[:raw, :erb, :html, :builder, :ruby, :slim, :jbuilder]}. Searched in:
  * "/Users/boris/Documents/GitHub/Ruby_on_Rails/unit_2/app/views"
):
    3: 
    4: 
    5: div id="footer"
    6:       == render 'footer'
    7:       | Copyright &copy; #{@year} #{@author}
  
app/views/home/index.html.slim:6:in `_app_views_home_index_html_slim__3153675599020090398_70222071230840'
Started GET "/index" for 127.0.0.1 at 2018-09-23 13:14:55 +0300
  
ActionController::RoutingError (No route matches [GET] "/index"):
  
actionpack (5.2.1) lib/action_dispatch/middleware/debug_exceptions.rb:65:in `call'
web-console (3.7.0) lib/web_console/middleware.rb:135:in `call_app'
web-console (3.7.0) lib/web_console/middleware.rb:30:in `block in call'
web-console (3.7.0) lib/web_console/middleware.rb:20:in `catch'
web-console (3.7.0) lib/web_console/middleware.rb:20:in `call'
actionpack (5.2.1) lib/action_dispatch/middleware/show_exceptions.rb:33:in `call'
railties (5.2.1) lib/rails/rack/logger.rb:38:in `call_app'
railties (5.2.1) lib/rails/rack/logger.rb:26:in `block in call'
activesupport (5.2.1) lib/active_support/tagged_logging.rb:71:in `block in tagged'
activesupport (5.2.1) lib/active_support/tagged_logging.rb:28:in `tagged'
activesupport (5.2.1) lib/active_support/tagged_logging.rb:71:in `tagged'
railties (5.2.1) lib/rails/rack/logger.rb:26:in `call'
sprockets-rails (3.2.1) lib/sprockets/rails/quiet_assets.rb:13:in `call'
actionpack (5.2.1) lib/action_dispatch/middleware/remote_ip.rb:81:in `call'
actionpack (5.2.1) lib/action_dispatch/middleware/request_id.rb:27:in `call'
rack (2.0.5) lib/rack/method_override.rb:22:in `call'
rack (2.0.5) lib/rack/runtime.rb:22:in `call'
activesupport (5.2.1) lib/active_support/cache/strategy/local_cache_middleware.rb:29:in `call'
actionpack (5.2.1) lib/action_dispatch/middleware/executor.rb:14:in `call'
actionpack (5.2.1) lib/action_dispatch/middleware/static.rb:127:in `call'
rack (2.0.5) lib/rack/sendfile.rb:111:in `call'
railties (5.2.1) lib/rails/engine.rb:524:in `call'
puma (3.12.0) lib/puma/configuration.rb:225:in `call'
puma (3.12.0) lib/puma/server.rb:658:in `handle_request'
puma (3.12.0) lib/puma/server.rb:472:in `process_client'
puma (3.12.0) lib/puma/server.rb:332:in `block in run'
puma (3.12.0) lib/puma/thread_pool.rb:133:in `block in spawn_thread'
Started GET "/index" for 127.0.0.1 at 2018-09-23 13:15:25 +0300
  
ActionController::RoutingError (No route matches [GET] "/index"):
  
actionpack (5.2.1) lib/action_dispatch/middleware/debug_exceptions.rb:65:in `call'
web-console (3.7.0) lib/web_console/middleware.rb:135:in `call_app'
web-console (3.7.0) lib/web_console/middleware.rb:30:in `block in call'
web-console (3.7.0) lib/web_console/middleware.rb:20:in `catch'
web-console (3.7.0) lib/web_console/middleware.rb:20:in `call'
actionpack (5.2.1) lib/action_dispatch/middleware/show_exceptions.rb:33:in `call'
railties (5.2.1) lib/rails/rack/logger.rb:38:in `call_app'
railties (5.2.1) lib/rails/rack/logger.rb:26:in `block in call'
activesupport (5.2.1) lib/active_support/tagged_logging.rb:71:in `block in tagged'
activesupport (5.2.1) lib/active_support/tagged_logging.rb:28:in `tagged'
activesupport (5.2.1) lib/active_support/tagged_logging.rb:71:in `tagged'
railties (5.2.1) lib/rails/rack/logger.rb:26:in `call'
sprockets-rails (3.2.1) lib/sprockets/rails/quiet_assets.rb:13:in `call'
actionpack (5.2.1) lib/action_dispatch/middleware/remote_ip.rb:81:in `call'
actionpack (5.2.1) lib/action_dispatch/middleware/request_id.rb:27:in `call'
rack (2.0.5) lib/rack/method_override.rb:22:in `call'
rack (2.0.5) lib/rack/runtime.rb:22:in `call'
activesupport (5.2.1) lib/active_support/cache/strategy/local_cache_middleware.rb:29:in `call'
actionpack (5.2.1) lib/action_dispatch/middleware/executor.rb:14:in `call'
actionpack (5.2.1) lib/action_dispatch/middleware/static.rb:127:in `call'
rack (2.0.5) lib/rack/sendfile.rb:111:in `call'
railties (5.2.1) lib/rails/engine.rb:524:in `call'
puma (3.12.0) lib/puma/configuration.rb:225:in `call'
puma (3.12.0) lib/puma/server.rb:658:in `handle_request'
puma (3.12.0) lib/puma/server.rb:472:in `process_client'
puma (3.12.0) lib/puma/server.rb:332:in `block in run'
puma (3.12.0) lib/puma/thread_pool.rb:133:in `block in spawn_thread'
Started GET "/" for 127.0.0.1 at 2018-09-23 13:15:31 +0300
Processing by HomeController#index as HTML
  Rendering home/index.html.slim within layouts/application
  Rendered home/index.html.slim within layouts/application (8.1ms)
Completed 200 OK in 290ms (Views: 288.2ms | ActiveRecord: 0.0ms)


Started GET "/" for 127.0.0.1 at 2018-09-23 13:17:50 +0300
Processing by HomeController#index as HTML
  Rendering home/index.html.slim within layouts/application
  Rendered home/index.html.slim within layouts/application (10.2ms)
Completed 500 Internal Server Error in 310ms (ActiveRecord: 0.0ms)


  
ActionView::Template::Error (Missing partial home/_footer, application/_footer with {:locale=>[:en], :formats=>[:html], :variants=>[], :handlers=>[:raw, :erb, :html, :builder, :ruby, :slim, :jbuilder]}. Searched in:
  * "/Users/boris/Documents/GitHub/Ruby_on_Rails/unit_2/app/views"
):
    10:   body
    11:     = yield
    12:   div id="footer"
    13:     = render 'footer'
    14:     | Copyright &copy; #{@year} #{@author}
  
app/views/layouts/application.html.slim:13:in `_app_views_layouts_application_html_slim__1812124101103206388_70228213759040'
Started GET "/" for 127.0.0.1 at 2018-09-23 13:24:52 +0300
Processing by HomeController#index as HTML
  Rendering home/index.html.slim within layouts/application
  Rendered home/index.html.slim within layouts/application (9.6ms)
Completed 200 OK in 294ms (Views: 291.5ms | ActiveRecord: 0.0ms)


Started GET "/" for 127.0.0.1 at 2018-09-23 13:24:59 +0300
Processing by HomeController#index as HTML
  Rendering home/index.html.slim within layouts/application
  Rendered home/index.html.slim within layouts/application (2.4ms)
Completed 200 OK in 40ms (Views: 38.3ms | ActiveRecord: 0.0ms)


Started GET "/index" for 127.0.0.1 at 2018-09-23 13:25:03 +0300
  
ActionController::RoutingError (No route matches [GET] "/index"):
  
actionpack (5.2.1) lib/action_dispatch/middleware/debug_exceptions.rb:65:in `call'
web-console (3.7.0) lib/web_console/middleware.rb:135:in `call_app'
web-console (3.7.0) lib/web_console/middleware.rb:30:in `block in call'
web-console (3.7.0) lib/web_console/middleware.rb:20:in `catch'
web-console (3.7.0) lib/web_console/middleware.rb:20:in `call'
actionpack (5.2.1) lib/action_dispatch/middleware/show_exceptions.rb:33:in `call'
railties (5.2.1) lib/rails/rack/logger.rb:38:in `call_app'
railties (5.2.1) lib/rails/rack/logger.rb:26:in `block in call'
activesupport (5.2.1) lib/active_support/tagged_logging.rb:71:in `block in tagged'
activesupport (5.2.1) lib/active_support/tagged_logging.rb:28:in `tagged'
activesupport (5.2.1) lib/active_support/tagged_logging.rb:71:in `tagged'
railties (5.2.1) lib/rails/rack/logger.rb:26:in `call'
sprockets-rails (3.2.1) lib/sprockets/rails/quiet_assets.rb:13:in `call'
actionpack (5.2.1) lib/action_dispatch/middleware/remote_ip.rb:81:in `call'
actionpack (5.2.1) lib/action_dispatch/middleware/request_id.rb:27:in `call'
rack (2.0.5) lib/rack/method_override.rb:22:in `call'
rack (2.0.5) lib/rack/runtime.rb:22:in `call'
activesupport (5.2.1) lib/active_support/cache/strategy/local_cache_middleware.rb:29:in `call'
actionpack (5.2.1) lib/action_dispatch/middleware/executor.rb:14:in `call'
actionpack (5.2.1) lib/action_dispatch/middleware/static.rb:127:in `call'
rack (2.0.5) lib/rack/sendfile.rb:111:in `call'
railties (5.2.1) lib/rails/engine.rb:524:in `call'
puma (3.12.0) lib/puma/configuration.rb:225:in `call'
puma (3.12.0) lib/puma/server.rb:658:in `handle_request'
puma (3.12.0) lib/puma/server.rb:472:in `process_client'
puma (3.12.0) lib/puma/server.rb:332:in `block in run'
puma (3.12.0) lib/puma/thread_pool.rb:133:in `block in spawn_thread'
Started GET "/index" for 127.0.0.1 at 2018-09-23 13:25:03 +0300
  
ActionController::RoutingError (No route matches [GET] "/index"):
  
actionpack (5.2.1) lib/action_dispatch/middleware/debug_exceptions.rb:65:in `call'
web-console (3.7.0) lib/web_console/middleware.rb:135:in `call_app'
web-console (3.7.0) lib/web_console/middleware.rb:30:in `block in call'
web-console (3.7.0) lib/web_console/middleware.rb:20:in `catch'
web-console (3.7.0) lib/web_console/middleware.rb:20:in `call'
actionpack (5.2.1) lib/action_dispatch/middleware/show_exceptions.rb:33:in `call'
railties (5.2.1) lib/rails/rack/logger.rb:38:in `call_app'
railties (5.2.1) lib/rails/rack/logger.rb:26:in `block in call'
activesupport (5.2.1) lib/active_support/tagged_logging.rb:71:in `block in tagged'
activesupport (5.2.1) lib/active_support/tagged_logging.rb:28:in `tagged'
activesupport (5.2.1) lib/active_support/tagged_logging.rb:71:in `tagged'
railties (5.2.1) lib/rails/rack/logger.rb:26:in `call'
sprockets-rails (3.2.1) lib/sprockets/rails/quiet_assets.rb:13:in `call'
actionpack (5.2.1) lib/action_dispatch/middleware/remote_ip.rb:81:in `call'
actionpack (5.2.1) lib/action_dispatch/middleware/request_id.rb:27:in `call'
rack (2.0.5) lib/rack/method_override.rb:22:in `call'
rack (2.0.5) lib/rack/runtime.rb:22:in `call'
activesupport (5.2.1) lib/active_support/cache/strategy/local_cache_middleware.rb:29:in `call'
actionpack (5.2.1) lib/action_dispatch/middleware/executor.rb:14:in `call'
actionpack (5.2.1) lib/action_dispatch/middleware/static.rb:127:in `call'
rack (2.0.5) lib/rack/sendfile.rb:111:in `call'
railties (5.2.1) lib/rails/engine.rb:524:in `call'
puma (3.12.0) lib/puma/configuration.rb:225:in `call'
puma (3.12.0) lib/puma/server.rb:658:in `handle_request'
puma (3.12.0) lib/puma/server.rb:472:in `process_client'
puma (3.12.0) lib/puma/server.rb:332:in `block in run'
puma (3.12.0) lib/puma/thread_pool.rb:133:in `block in spawn_thread'
Started GET "/index" for 127.0.0.1 at 2018-09-23 13:25:46 +0300
  
ActionController::RoutingError (No route matches [GET] "/index"):
  
actionpack (5.2.1) lib/action_dispatch/middleware/debug_exceptions.rb:65:in `call'
web-console (3.7.0) lib/web_console/middleware.rb:135:in `call_app'
web-console (3.7.0) lib/web_console/middleware.rb:30:in `block in call'
web-console (3.7.0) lib/web_console/middleware.rb:20:in `catch'
web-console (3.7.0) lib/web_console/middleware.rb:20:in `call'
actionpack (5.2.1) lib/action_dispatch/middleware/show_exceptions.rb:33:in `call'
railties (5.2.1) lib/rails/rack/logger.rb:38:in `call_app'
railties (5.2.1) lib/rails/rack/logger.rb:26:in `block in call'
activesupport (5.2.1) lib/active_support/tagged_logging.rb:71:in `block in tagged'
activesupport (5.2.1) lib/active_support/tagged_logging.rb:28:in `tagged'
activesupport (5.2.1) lib/active_support/tagged_logging.rb:71:in `tagged'
railties (5.2.1) lib/rails/rack/logger.rb:26:in `call'
sprockets-rails (3.2.1) lib/sprockets/rails/quiet_assets.rb:13:in `call'
actionpack (5.2.1) lib/action_dispatch/middleware/remote_ip.rb:81:in `call'
actionpack (5.2.1) lib/action_dispatch/middleware/request_id.rb:27:in `call'
rack (2.0.5) lib/rack/method_override.rb:22:in `call'
rack (2.0.5) lib/rack/runtime.rb:22:in `call'
activesupport (5.2.1) lib/active_support/cache/strategy/local_cache_middleware.rb:29:in `call'
actionpack (5.2.1) lib/action_dispatch/middleware/executor.rb:14:in `call'
actionpack (5.2.1) lib/action_dispatch/middleware/static.rb:127:in `call'
rack (2.0.5) lib/rack/sendfile.rb:111:in `call'
railties (5.2.1) lib/rails/engine.rb:524:in `call'
puma (3.12.0) lib/puma/configuration.rb:225:in `call'
puma (3.12.0) lib/puma/server.rb:658:in `handle_request'
puma (3.12.0) lib/puma/server.rb:472:in `process_client'
puma (3.12.0) lib/puma/server.rb:332:in `block in run'
puma (3.12.0) lib/puma/thread_pool.rb:133:in `block in spawn_thread'
Started GET "/" for 127.0.0.1 at 2018-09-23 13:25:53 +0300
Processing by HomeController#index as HTML
  Rendering home/index.html.slim within layouts/application
  Rendered home/index.html.slim within layouts/application (25.8ms)
Completed 500 Internal Server Error in 38ms (ActiveRecord: 0.0ms)


  
ActionView::Template::Error (Missing partial home/_footer, application/_footer with {:locale=>[:en], :formats=>[:html], :variants=>[], :handlers=>[:raw, :erb, :html, :builder, :ruby, :slim, :jbuilder]}. Searched in:
  * "/Users/boris/Documents/GitHub/Ruby_on_Rails/unit_2/app/views"
):
    2: p gfhfv gfhfv
    3: 
    4: div id="footer"
    5:   = render 'footer'
    6:   | Copyright &copy; #{@year} #{@author}
  
app/views/home/index.html.slim:5:in `_app_views_home_index_html_slim__1886236714614371393_70222243489440'
Started GET "/" for 127.0.0.1 at 2018-09-23 13:25:53 +0300
Processing by HomeController#index as HTML
  Rendering home/index.html.slim within layouts/application
  Rendered home/index.html.slim within layouts/application (9.1ms)
Completed 500 Internal Server Error in 17ms (ActiveRecord: 0.0ms)


  
ActionView::Template::Error (Missing partial home/_footer, application/_footer with {:locale=>[:en], :formats=>[:html], :variants=>[], :handlers=>[:raw, :erb, :html, :builder, :ruby, :slim, :jbuilder]}. Searched in:
  * "/Users/boris/Documents/GitHub/Ruby_on_Rails/unit_2/app/views"
):
    2: p gfhfv gfhfv
    3: 
    4: div id="footer"
    5:   = render 'footer'
    6:   | Copyright &copy; #{@year} #{@author}
  
app/views/home/index.html.slim:5:in `_app_views_home_index_html_slim__1886236714614371393_70222232909000'
Started GET "/" for 127.0.0.1 at 2018-09-23 13:33:05 +0300
Processing by HomeController#index as HTML
  Rendering home/index.html.slim within layouts/application
  Rendered home/index.html.slim within layouts/application (17.1ms)
Completed 500 Internal Server Error in 27ms (ActiveRecord: 0.0ms)


  
ActionView::Template::Error (Missing partial home/_footer, application/_footer with {:locale=>[:en], :formats=>[:html], :variants=>[], :handlers=>[:raw, :erb, :html, :builder, :ruby, :slim, :jbuilder]}. Searched in:
  * "/Users/boris/Documents/GitHub/Ruby_on_Rails/unit_2/app/views"
):
    2: p gfhfv gfhfv
    3: 
    4: div id="footer"
    5:   = render 'footer'
    6:   | Copyright &copy; #{@year} #{@author}
  
app/views/home/index.html.slim:5:in `_app_views_home_index_html_slim___509192088532117893_70157758054180'
Started GET "/" for 127.0.0.1 at 2018-09-23 13:33:25 +0300
Processing by HomeController#index as HTML
  Rendering home/index.html.slim within layouts/application
  Rendered home/index.html.slim within layouts/application (8.0ms)
Completed 500 Internal Server Error in 14ms (ActiveRecord: 0.0ms)


  
ActionView::Template::Error (Missing partial home/_footer, application/_footer with {:locale=>[:en], :formats=>[:html], :variants=>[], :handlers=>[:raw, :erb, :html, :builder, :ruby, :slim, :jbuilder]}. Searched in:
  * "/Users/boris/Documents/GitHub/Ruby_on_Rails/unit_2/app/views"
):
    2: p gfhfv gfhfv
    3: 
    4: div id="footer"
    5:   = render 'footer'
    6:   | Copyright &copy; #{@year} #{@author}
  
app/views/home/index.html.slim:5:in `_app_views_home_index_html_slim___509192088532117893_70157757303280'
Started PUT "/__web_console/repl_sessions/78f7a8e62ea714acbd73cf6fc07e0196" for 127.0.0.1 at 2018-09-23 13:33:28 +0300
Started PUT "/__web_console/repl_sessions/78f7a8e62ea714acbd73cf6fc07e0196" for 127.0.0.1 at 2018-09-23 13:33:29 +0300
Started GET "/" for 127.0.0.1 at 2018-09-23 13:33:46 +0300
Processing by HomeController#index as HTML
  Rendering home/index.html.slim within layouts/application
  Rendered home/index.html.slim within layouts/application (16.1ms)
Completed 500 Internal Server Error in 24ms (ActiveRecord: 0.0ms)


  
ActionView::Template::Error (Missing partial home/_footer, application/_footer with {:locale=>[:en], :formats=>[:html], :variants=>[], :handlers=>[:raw, :erb, :html, :builder, :ruby, :slim, :jbuilder]}. Searched in:
  * "/Users/boris/Documents/GitHub/Ruby_on_Rails/unit_2/app/views"
):
    2: p gfhfv gfhfv
    3: 
    4: div id="footer"
    5:   = render 'footer'
    6:   | Copyright &copy; #{@year} #{@author}
  
app/views/home/index.html.slim:5:in `_app_views_home_index_html_slim__218525826960497760_70105983202400'
Started GET "/" for 127.0.0.1 at 2018-09-23 13:33:57 +0300
Processing by HomeController#index as HTML
  Rendering home/index.html.slim within layouts/application
  Rendered home/index.html.slim within layouts/application (8.9ms)
Completed 500 Internal Server Error in 16ms (ActiveRecord: 0.0ms)


  
ActionView::Template::Error (Missing partial home/_footer, application/_footer with {:locale=>[:en], :formats=>[:html], :variants=>[], :handlers=>[:raw, :erb, :html, :builder, :ruby, :slim, :jbuilder]}. Searched in:
  * "/Users/boris/Documents/GitHub/Ruby_on_Rails/unit_2/app/views"
):
    2: p gfhfv gfhfv
    3: 
    4: div id="footer"
    5:   = render 'footer'
    6:   | Copyright &copy; #{@year} #{@author}
  
app/views/home/index.html.slim:5:in `_app_views_home_index_html_slim__218525826960497760_70105982585120'
Started GET "/index" for 127.0.0.1 at 2018-09-23 13:33:58 +0300
  
ActionController::RoutingError (No route matches [GET] "/index"):
  
actionpack (5.2.1) lib/action_dispatch/middleware/debug_exceptions.rb:65:in `call'
web-console (3.7.0) lib/web_console/middleware.rb:135:in `call_app'
web-console (3.7.0) lib/web_console/middleware.rb:30:in `block in call'
web-console (3.7.0) lib/web_console/middleware.rb:20:in `catch'
web-console (3.7.0) lib/web_console/middleware.rb:20:in `call'
actionpack (5.2.1) lib/action_dispatch/middleware/show_exceptions.rb:33:in `call'
railties (5.2.1) lib/rails/rack/logger.rb:38:in `call_app'
railties (5.2.1) lib/rails/rack/logger.rb:26:in `block in call'
activesupport (5.2.1) lib/active_support/tagged_logging.rb:71:in `block in tagged'
activesupport (5.2.1) lib/active_support/tagged_logging.rb:28:in `tagged'
activesupport (5.2.1) lib/active_support/tagged_logging.rb:71:in `tagged'
railties (5.2.1) lib/rails/rack/logger.rb:26:in `call'
sprockets-rails (3.2.1) lib/sprockets/rails/quiet_assets.rb:13:in `call'
actionpack (5.2.1) lib/action_dispatch/middleware/remote_ip.rb:81:in `call'
actionpack (5.2.1) lib/action_dispatch/middleware/request_id.rb:27:in `call'
rack (2.0.5) lib/rack/method_override.rb:22:in `call'
rack (2.0.5) lib/rack/runtime.rb:22:in `call'
activesupport (5.2.1) lib/active_support/cache/strategy/local_cache_middleware.rb:29:in `call'
actionpack (5.2.1) lib/action_dispatch/middleware/executor.rb:14:in `call'
actionpack (5.2.1) lib/action_dispatch/middleware/static.rb:127:in `call'
rack (2.0.5) lib/rack/sendfile.rb:111:in `call'
railties (5.2.1) lib/rails/engine.rb:524:in `call'
puma (3.12.0) lib/puma/configuration.rb:225:in `call'
puma (3.12.0) lib/puma/server.rb:658:in `handle_request'
puma (3.12.0) lib/puma/server.rb:472:in `process_client'
puma (3.12.0) lib/puma/server.rb:332:in `block in run'
puma (3.12.0) lib/puma/thread_pool.rb:133:in `block in spawn_thread'
Started GET "/index" for 127.0.0.1 at 2018-09-23 13:33:59 +0300
  
ActionController::RoutingError (No route matches [GET] "/index"):
  
actionpack (5.2.1) lib/action_dispatch/middleware/debug_exceptions.rb:65:in `call'
web-console (3.7.0) lib/web_console/middleware.rb:135:in `call_app'
web-console (3.7.0) lib/web_console/middleware.rb:30:in `block in call'
web-console (3.7.0) lib/web_console/middleware.rb:20:in `catch'
web-console (3.7.0) lib/web_console/middleware.rb:20:in `call'
actionpack (5.2.1) lib/action_dispatch/middleware/show_exceptions.rb:33:in `call'
railties (5.2.1) lib/rails/rack/logger.rb:38:in `call_app'
railties (5.2.1) lib/rails/rack/logger.rb:26:in `block in call'
activesupport (5.2.1) lib/active_support/tagged_logging.rb:71:in `block in tagged'
activesupport (5.2.1) lib/active_support/tagged_logging.rb:28:in `tagged'
activesupport (5.2.1) lib/active_support/tagged_logging.rb:71:in `tagged'
railties (5.2.1) lib/rails/rack/logger.rb:26:in `call'
sprockets-rails (3.2.1) lib/sprockets/rails/quiet_assets.rb:13:in `call'
actionpack (5.2.1) lib/action_dispatch/middleware/remote_ip.rb:81:in `call'
actionpack (5.2.1) lib/action_dispatch/middleware/request_id.rb:27:in `call'
rack (2.0.5) lib/rack/method_override.rb:22:in `call'
rack (2.0.5) lib/rack/runtime.rb:22:in `call'
activesupport (5.2.1) lib/active_support/cache/strategy/local_cache_middleware.rb:29:in `call'
actionpack (5.2.1) lib/action_dispatch/middleware/executor.rb:14:in `call'
actionpack (5.2.1) lib/action_dispatch/middleware/static.rb:127:in `call'
rack (2.0.5) lib/rack/sendfile.rb:111:in `call'
railties (5.2.1) lib/rails/engine.rb:524:in `call'
puma (3.12.0) lib/puma/configuration.rb:225:in `call'
puma (3.12.0) lib/puma/server.rb:658:in `handle_request'
puma (3.12.0) lib/puma/server.rb:472:in `process_client'
puma (3.12.0) lib/puma/server.rb:332:in `block in run'
puma (3.12.0) lib/puma/thread_pool.rb:133:in `block in spawn_thread'
Started GET "/index" for 127.0.0.1 at 2018-09-23 13:34:43 +0300
  
ActionController::RoutingError (No route matches [GET] "/index"):
  
actionpack (5.2.1) lib/action_dispatch/middleware/debug_exceptions.rb:65:in `call'
web-console (3.7.0) lib/web_console/middleware.rb:135:in `call_app'
web-console (3.7.0) lib/web_console/middleware.rb:30:in `block in call'
web-console (3.7.0) lib/web_console/middleware.rb:20:in `catch'
web-console (3.7.0) lib/web_console/middleware.rb:20:in `call'
actionpack (5.2.1) lib/action_dispatch/middleware/show_exceptions.rb:33:in `call'
railties (5.2.1) lib/rails/rack/logger.rb:38:in `call_app'
railties (5.2.1) lib/rails/rack/logger.rb:26:in `block in call'
activesupport (5.2.1) lib/active_support/tagged_logging.rb:71:in `block in tagged'
activesupport (5.2.1) lib/active_support/tagged_logging.rb:28:in `tagged'
activesupport (5.2.1) lib/active_support/tagged_logging.rb:71:in `tagged'
railties (5.2.1) lib/rails/rack/logger.rb:26:in `call'
sprockets-rails (3.2.1) lib/sprockets/rails/quiet_assets.rb:13:in `call'
actionpack (5.2.1) lib/action_dispatch/middleware/remote_ip.rb:81:in `call'
actionpack (5.2.1) lib/action_dispatch/middleware/request_id.rb:27:in `call'
rack (2.0.5) lib/rack/method_override.rb:22:in `call'
rack (2.0.5) lib/rack/runtime.rb:22:in `call'
activesupport (5.2.1) lib/active_support/cache/strategy/local_cache_middleware.rb:29:in `call'
actionpack (5.2.1) lib/action_dispatch/middleware/executor.rb:14:in `call'
actionpack (5.2.1) lib/action_dispatch/middleware/static.rb:127:in `call'
rack (2.0.5) lib/rack/sendfile.rb:111:in `call'
railties (5.2.1) lib/rails/engine.rb:524:in `call'
puma (3.12.0) lib/puma/configuration.rb:225:in `call'
puma (3.12.0) lib/puma/server.rb:658:in `handle_request'
puma (3.12.0) lib/puma/server.rb:472:in `process_client'
puma (3.12.0) lib/puma/server.rb:332:in `block in run'
puma (3.12.0) lib/puma/thread_pool.rb:133:in `block in spawn_thread'
Started GET "/" for 127.0.0.1 at 2018-09-23 13:34:48 +0300
Processing by HomeController#index as HTML
  Rendering home/index.html.slim within layouts/application
  Rendered home/index.html.slim within layouts/application (10.0ms)
Completed 200 OK in 305ms (Views: 302.3ms | ActiveRecord: 0.0ms)


Started GET "/" for 127.0.0.1 at 2018-09-23 13:40:19 +0300
Processing by HomeController#index as HTML
  Rendering home/index.html.slim within layouts/application
  Rendered home/index.html.slim within layouts/application (11.5ms)
Completed 200 OK in 307ms (Views: 304.5ms | ActiveRecord: 0.0ms)


Started GET "/" for 127.0.0.1 at 2018-09-23 13:40:24 +0300
Processing by HomeController#index as HTML
  Rendering home/index.html.slim within layouts/application
  Rendered home/index.html.slim within layouts/application (2.9ms)
Completed 200 OK in 49ms (Views: 47.0ms | ActiveRecord: 0.0ms)


Started GET "/" for 127.0.0.1 at 2018-09-23 13:40:27 +0300
Processing by HomeController#index as HTML
  Rendering home/index.html.slim within layouts/application
  Rendered home/index.html.slim within layouts/application (2.4ms)
Completed 200 OK in 20ms (Views: 18.2ms | ActiveRecord: 0.0ms)


Started GET "/home/index" for 127.0.0.1 at 2018-09-23 13:40:32 +0300
Processing by HomeController#index as HTML
  Rendering home/index.html.slim within layouts/application
  Rendered home/index.html.slim within layouts/application (2.6ms)
Completed 200 OK in 23ms (Views: 20.5ms | ActiveRecord: 0.0ms)


Started GET "/home/index" for 127.0.0.1 at 2018-09-23 13:44:52 +0300
Processing by HomeController#index as HTML
  Rendering home/index.html.slim within layouts/application
  Rendered home/index.html.slim within layouts/application (11.6ms)
Completed 200 OK in 297ms (Views: 294.7ms | ActiveRecord: 0.0ms)


Started GET "/home/index" for 127.0.0.1 at 2018-09-23 13:45:51 +0300
Processing by HomeController#index as HTML
  Rendering home/index.html.slim within layouts/application
  Rendered home/index.html.slim within layouts/application (10.6ms)
Completed 200 OK in 274ms (Views: 272.3ms | ActiveRecord: 0.0ms)


Started GET "/home/index" for 127.0.0.1 at 2018-09-23 13:50:09 +0300
Processing by HomeController#index as HTML
  Rendering home/index.html.slim within layouts/application
  Rendered home/index.html.slim within layouts/application (11.5ms)
Completed 200 OK in 296ms (Views: 294.0ms | ActiveRecord: 0.0ms)


Started GET "/home/index" for 127.0.0.1 at 2018-09-23 13:51:39 +0300
Processing by HomeController#index as HTML
  Rendering home/index.html.slim within layouts/application
  Rendered home/index.html.slim within layouts/application (10.2ms)
Completed 200 OK in 314ms (Views: 311.6ms | ActiveRecord: 0.0ms)


Started GET "/home/index" for 127.0.0.1 at 2018-09-23 13:53:14 +0300
Processing by HomeController#index as HTML
  Rendering home/index.html.slim within layouts/application
  Rendered home/index.html.slim within layouts/application (10.8ms)
Completed 200 OK in 290ms (Views: 288.3ms | ActiveRecord: 0.0ms)


Started GET "/home/index" for 127.0.0.1 at 2018-09-23 13:55:42 +0300
Processing by HomeController#index as HTML
  Rendering home/index.html.slim within layouts/application
  Rendered home/index.html.slim within layouts/application (10.6ms)
Completed 200 OK in 292ms (Views: 289.8ms | ActiveRecord: 0.0ms)


Started GET "/home/index" for 127.0.0.1 at 2018-09-23 14:23:17 +0300
Processing by HomeController#index as HTML
  Rendering home/index.html.slim within layouts/application
  Rendered home/index.html.slim within layouts/application (9.9ms)
Completed 200 OK in 299ms (Views: 296.7ms | ActiveRecord: 0.0ms)


Started GET "/home/index" for 127.0.0.1 at 2018-09-23 14:55:07 +0300
Processing by HomeController#index as HTML
  Rendering home/index.html.slim within layouts/application
  Rendered home/index.html.slim within layouts/application (11.1ms)
Completed 200 OK in 314ms (Views: 311.6ms | ActiveRecord: 0.0ms)


Started GET "/home/index" for 127.0.0.1 at 2018-09-23 14:58:22 +0300
Processing by HomeController#index as HTML
  Rendering home/index.html.slim within layouts/application
  Rendered home/index.html.slim within layouts/application (9.3ms)
Completed 200 OK in 307ms (Views: 304.7ms | ActiveRecord: 0.0ms)


Started GET "/home/index" for 127.0.0.1 at 2018-09-23 15:00:30 +0300
Processing by HomeController#index as HTML
  Rendering home/index.html.slim within layouts/application
  Rendered home/index.html.slim within layouts/application (9.4ms)
Completed 200 OK in 301ms (Views: 299.1ms | ActiveRecord: 0.0ms)


Started GET "/home/index" for 127.0.0.1 at 2018-09-23 15:04:03 +0300
Processing by HomeController#index as HTML
  Rendering home/index.html.slim within layouts/application
  Rendered home/index.html.slim within layouts/application (10.8ms)
Completed 200 OK in 300ms (Views: 297.5ms | ActiveRecord: 0.0ms)


Started GET "/home/index" for 127.0.0.1 at 2018-09-23 15:04:48 +0300
Processing by HomeController#index as HTML
  Rendering home/index.html.slim within layouts/application
  Rendered home/index.html.slim within layouts/application (10.5ms)
Completed 200 OK in 304ms (Views: 302.3ms | ActiveRecord: 0.0ms)


Started GET "/home/index" for 127.0.0.1 at 2018-09-23 15:06:01 +0300
Processing by HomeController#index as HTML
  Rendering home/index.html.slim within layouts/application
  Rendered home/index.html.slim within layouts/application (11.5ms)
Completed 200 OK in 335ms (Views: 333.1ms | ActiveRecord: 0.0ms)


Started GET "/home/index" for 127.0.0.1 at 2018-09-23 15:06:40 +0300
Processing by HomeController#index as HTML
  Rendering home/index.html.slim within layouts/application
  Rendered home/index.html.slim within layouts/application (11.1ms)
Completed 200 OK in 286ms (Views: 282.5ms | ActiveRecord: 0.0ms)


Started GET "/home/index" for 127.0.0.1 at 2018-09-23 15:07:07 +0300
Processing by HomeController#index as HTML
  Rendering home/index.html.slim within layouts/application
  Rendered home/index.html.slim within layouts/application (9.0ms)
Completed 200 OK in 289ms (Views: 286.9ms | ActiveRecord: 0.0ms)


Started GET "/home/index" for 127.0.0.1 at 2018-09-23 15:08:31 +0300
Processing by HomeController#index as HTML
  Rendering home/index.html.slim within layouts/application
  Rendered home/index.html.slim within layouts/application (11.2ms)
Completed 200 OK in 309ms (Views: 305.9ms | ActiveRecord: 0.0ms)


Started GET "/home/index" for 127.0.0.1 at 2018-09-23 15:08:55 +0300
Processing by HomeController#index as HTML
  Rendering home/index.html.slim within layouts/application
  Rendered home/index.html.slim within layouts/application (9.7ms)
Completed 200 OK in 271ms (Views: 268.7ms | ActiveRecord: 0.0ms)


Started GET "/home/index" for 127.0.0.1 at 2018-09-23 15:09:15 +0300
Processing by HomeController#index as HTML
  Rendering home/index.html.slim within layouts/application
  Rendered home/index.html.slim within layouts/application (10.1ms)
Completed 200 OK in 282ms (Views: 279.4ms | ActiveRecord: 0.0ms)


Started GET "/home/index" for 127.0.0.1 at 2018-09-23 15:12:13 +0300
Processing by HomeController#index as HTML
  Rendering home/index.html.slim within layouts/application
  Rendered home/index.html.slim within layouts/application (9.9ms)
Completed 200 OK in 283ms (Views: 281.2ms | ActiveRecord: 0.0ms)


Started GET "/home/index" for 127.0.0.1 at 2018-09-23 15:12:43 +0300
Processing by HomeController#index as HTML
  Rendering home/index.html.slim within layouts/application
  Rendered home/index.html.slim within layouts/application (11.2ms)
Completed 200 OK in 284ms (Views: 282.0ms | ActiveRecord: 0.0ms)


Started GET "/home/index" for 127.0.0.1 at 2018-09-23 15:15:15 +0300
Processing by HomeController#index as HTML
  Rendering home/index.html.slim within layouts/application
  Rendered home/index.html.slim within layouts/application (10.9ms)
Completed 200 OK in 312ms (Views: 309.5ms | ActiveRecord: 0.0ms)


Started GET "/home/index" for 127.0.0.1 at 2018-09-23 15:17:50 +0300
Processing by HomeController#index as HTML
  Rendering home/index.html.slim within layouts/application
  Rendered home/index.html.slim within layouts/application (11.7ms)
Completed 200 OK in 336ms (Views: 333.7ms | ActiveRecord: 0.0ms)


Started GET "/home/index" for 127.0.0.1 at 2018-09-23 15:18:20 +0300
Processing by HomeController#index as HTML
  Rendering home/index.html.slim within layouts/application
  Rendered home/index.html.slim within layouts/application (11.1ms)
Completed 200 OK in 291ms (Views: 289.0ms | ActiveRecord: 0.0ms)


Started GET "/home/index" for 127.0.0.1 at 2018-09-23 15:18:42 +0300
Processing by HomeController#index as HTML
  Rendering home/index.html.slim within layouts/application
  Rendered home/index.html.slim within layouts/application (10.5ms)
Completed 200 OK in 282ms (Views: 280.4ms | ActiveRecord: 0.0ms)


Started GET "/home/index" for 127.0.0.1 at 2018-09-23 15:19:25 +0300
Processing by HomeController#index as HTML
  Rendering home/index.html.slim within layouts/application
  Rendered home/index.html.slim within layouts/application (10.8ms)
Completed 200 OK in 304ms (Views: 301.5ms | ActiveRecord: 0.0ms)


Started GET "/home/index" for 127.0.0.1 at 2018-09-23 15:22:42 +0300
Processing by HomeController#index as HTML
  Rendering home/index.html.slim within layouts/application
  Rendered home/index.html.slim within layouts/application (10.7ms)
Completed 200 OK in 324ms (Views: 321.0ms | ActiveRecord: 0.0ms)


Started GET "/home/index" for 127.0.0.1 at 2018-09-23 15:24:02 +0300
Processing by HomeController#index as HTML
  Rendering home/index.html.slim within layouts/application
  Rendered home/index.html.slim within layouts/application (5.0ms)
Completed 500 Internal Server Error in 15ms (ActiveRecord: 0.0ms)


  
ActionView::Template::Error (Unknown line indicator
  /Users/boris/Documents/GitHub/Ruby_on_Rails/unit_2/app/views/home/index.html.slim, Line 4, Column 0
    @page_name
    ^
):
    1: <%=@title = "h1 Home" %
    2: 
    3: h1 Home#index
    4: @page_name
    5: <% title="h1 Home" %
    6: p gfhfv gfhfv
  
app/views/home/index.html.slim:4
Started GET "/home/index" for 127.0.0.1 at 2018-09-23 15:24:21 +0300
Processing by HomeController#index as HTML
  Rendering home/index.html.slim within layouts/application
  Rendered home/index.html.slim within layouts/application (10.4ms)
Completed 200 OK in 277ms (Views: 274.8ms | ActiveRecord: 0.0ms)


Started GET "/home/index" for 127.0.0.1 at 2018-09-23 15:32:53 +0300
Processing by HomeController#index as HTML
  Rendering home/index.html.slim within layouts/application
  Rendered home/index.html.slim within layouts/application (10.4ms)
Completed 200 OK in 327ms (Views: 324.0ms | ActiveRecord: 0.0ms)


Started GET "/home/index" for 127.0.0.1 at 2018-09-23 15:33:21 +0300
Processing by HomeController#index as HTML
  Rendering home/index.html.slim within layouts/application
  Rendered home/index.html.slim within layouts/application (10.3ms)
Completed 200 OK in 318ms (Views: 315.3ms | ActiveRecord: 0.0ms)


Started GET "/home/index" for 127.0.0.1 at 2018-09-23 15:34:49 +0300
Processing by HomeController#index as HTML
  Rendering home/index.html.slim within layouts/application
  Rendered home/index.html.slim within layouts/application (9.7ms)
Completed 200 OK in 309ms (Views: 307.2ms | ActiveRecord: 0.0ms)


Started GET "/home/index" for 127.0.0.1 at 2018-09-23 15:35:46 +0300
Processing by HomeController#index as HTML
  Rendering home/index.html.slim within layouts/application
  Rendered home/index.html.slim within layouts/application (11.8ms)
Completed 200 OK in 368ms (Views: 365.0ms | ActiveRecord: 0.0ms)


Started GET "/home/index" for 127.0.0.1 at 2018-09-23 15:36:43 +0300
Processing by HomeController#index as HTML
  Rendering home/index.html.slim within layouts/application
  Rendered home/index.html.slim within layouts/application (10.9ms)
Completed 200 OK in 305ms (Views: 302.9ms | ActiveRecord: 0.0ms)


Started GET "/home/index" for 127.0.0.1 at 2018-09-23 15:44:46 +0300
Processing by HomeController#index as HTML
  Rendering home/index.html.slim within layouts/application
  Rendered home/index.html.slim within layouts/application (9.9ms)
Completed 200 OK in 306ms (Views: 304.2ms | ActiveRecord: 0.0ms)


Started GET "/home/index" for 127.0.0.1 at 2018-09-23 15:46:32 +0300
Processing by HomeController#index as HTML
  Rendering home/index.html.slim within layouts/application
  Rendered home/index.html.slim within layouts/application (9.3ms)
Completed 200 OK in 327ms (Views: 325.0ms | ActiveRecord: 0.0ms)


Started GET "/home/index" for 127.0.0.1 at 2018-09-23 15:48:26 +0300
Processing by HomeController#index as HTML
  Rendering home/index.html.slim within layouts/application
  Rendered home/index.html.slim within layouts/application (17.6ms)
Completed 200 OK in 330ms (Views: 327.3ms | ActiveRecord: 0.0ms)


Started GET "/home/index" for 127.0.0.1 at 2018-09-23 15:48:28 +0300
Processing by HomeController#index as HTML
  Rendering home/index.html.slim within layouts/application
  Rendered home/index.html.slim within layouts/application (2.3ms)
Completed 200 OK in 21ms (Views: 19.7ms | ActiveRecord: 0.0ms)


Started GET "/" for 127.0.0.1 at 2018-09-23 15:48:33 +0300
Processing by HomeController#index as HTML
  Rendering home/index.html.slim within layouts/application
  Rendered home/index.html.slim within layouts/application (2.2ms)
Completed 200 OK in 36ms (Views: 33.7ms | ActiveRecord: 0.0ms)


Started GET "/" for 127.0.0.1 at 2018-09-23 15:50:59 +0300
Processing by HomeController#index as HTML
  Rendering home/index.html.slim within layouts/application
  Rendered home/index.html.slim within layouts/application (10.9ms)
Completed 200 OK in 330ms (Views: 327.2ms | ActiveRecord: 0.0ms)


Started GET "/" for 127.0.0.1 at 2018-09-23 15:53:14 +0300
Processing by HomeController#index as HTML
  Rendering home/index.html.slim within layouts/application
  Rendered home/index.html.slim within layouts/application (10.8ms)
Completed 200 OK in 302ms (Views: 299.9ms | ActiveRecord: 0.0ms)


Started GET "/" for 127.0.0.1 at 2018-09-23 15:53:54 +0300
Processing by HomeController#index as HTML
  Rendering home/index.html.slim within layouts/application
  Rendered home/index.html.slim within layouts/application (9.7ms)
Completed 200 OK in 277ms (Views: 274.8ms | ActiveRecord: 0.0ms)


Started GET "/" for 127.0.0.1 at 2018-09-23 16:22:31 +0300
Processing by HomeController#index as HTML
  Rendering home/index.html.slim within layouts/application
  Rendered home/index.html.slim within layouts/application (12.0ms)
Completed 200 OK in 296ms (Views: 294.2ms | ActiveRecord: 0.0ms)


Started GET "/" for 127.0.0.1 at 2018-09-23 16:28:16 +0300
Processing by HomeController#index as HTML
  Rendering home/index.html.slim within layouts/application
  Rendered home/index.html.slim within layouts/application (10.4ms)
Completed 200 OK in 312ms (Views: 310.4ms | ActiveRecord: 0.0ms)


Started GET "/" for 127.0.0.1 at 2018-09-23 16:29:33 +0300
Processing by HomeController#index as HTML
  Rendering home/index.html.slim within layouts/application
  Rendered home/index.html.slim within layouts/application (9.8ms)
Completed 200 OK in 359ms (Views: 357.1ms | ActiveRecord: 0.0ms)


Started GET "/" for 127.0.0.1 at 2018-09-23 16:31:35 +0300
Processing by HomeController#index as HTML
  Rendering home/index.html.slim within layouts/application
  Rendered home/index.html.slim within layouts/application (9.5ms)
Completed 200 OK in 340ms (Views: 337.8ms | ActiveRecord: 0.0ms)


Started GET "/" for 127.0.0.1 at 2018-09-23 16:40:42 +0300
Processing by HomeController#index as HTML
  Rendering home/index.html.slim within layouts/application
  Rendered home/index.html.slim within layouts/application (10.1ms)
Completed 200 OK in 316ms (Views: 313.7ms | ActiveRecord: 0.0ms)


Started GET "/" for 127.0.0.1 at 2018-09-23 16:41:47 +0300
Processing by HomeController#index as HTML
  Rendering home/index.html.slim within layouts/application
  Rendered home/index.html.slim within layouts/application (10.5ms)
Completed 200 OK in 322ms (Views: 319.9ms | ActiveRecord: 0.0ms)


Started GET "/" for 127.0.0.1 at 2018-09-23 16:43:33 +0300
Processing by HomeController#index as HTML
  Rendering home/index.html.slim within layouts/application
  Rendered home/index.html.slim within layouts/application (16.0ms)
Completed 200 OK in 299ms (Views: 296.8ms | ActiveRecord: 0.0ms)


Started GET "/" for 127.0.0.1 at 2018-09-23 16:44:30 +0300
Processing by HomeController#index as HTML
  Rendering home/index.html.slim within layouts/application
  Rendered home/index.html.slim within layouts/application (17.4ms)
Completed 200 OK in 398ms (Views: 396.2ms | ActiveRecord: 0.0ms)


Started GET "/" for 127.0.0.1 at 2018-09-23 16:45:34 +0300
Processing by HomeController#index as HTML
  Rendering home/index.html.slim within layouts/application
  Rendered home/index.html.slim within layouts/application (16.1ms)
Completed 200 OK in 333ms (Views: 330.9ms | ActiveRecord: 0.0ms)


Started GET "/" for 127.0.0.1 at 2018-09-23 16:47:56 +0300
Processing by HomeController#index as HTML
  Rendering home/index.html.slim within layouts/application
  Rendered home/index.html.slim within layouts/application (17.8ms)
Completed 200 OK in 337ms (Views: 334.6ms | ActiveRecord: 0.0ms)


Started GET "/" for 127.0.0.1 at 2018-09-23 16:49:10 +0300
Processing by HomeController#index as HTML
  Rendering home/index.html.slim within layouts/application
  Rendered home/index.html.slim within layouts/application (16.3ms)
Completed 500 Internal Server Error in 30ms (ActiveRecord: 0.0ms)


  
ActionView::Template::Error (Unknown line indicator
  /Users/boris/Documents/GitHub/Ruby_on_Rails/unit_2/app/views/layouts/application.html.slim, Line 23, Column 4
    &copy#{Time.current.year} Yaroslavzev. All rights reserved.
    ^
):
    20: 
    21:   = yield
    22:   .footer
    23:     &copy#{Time.current.year} Yaroslavzev. All rights reserved.
  
app/views/layouts/application.html.slim:23
Started GET "/" for 127.0.0.1 at 2018-09-23 16:49:47 +0300
Processing by HomeController#index as HTML
  Rendering home/index.html.slim within layouts/application
  Rendered home/index.html.slim within layouts/application (17.4ms)
Completed 200 OK in 347ms (Views: 344.0ms | ActiveRecord: 0.0ms)


